<?xml version="1.0" encoding="UTF-8"?>
<testsuite name="redis.data.RedisPracticeTest" tests="7" skipped="0" failures="0" errors="0" timestamp="2022-02-26T10:27:06" hostname="yokkaebiui-MacBookPro.local" time="0.845">
  <properties/>
  <testcase name="commonCommand" classname="redis.data.RedisPracticeTest" time="0.673"/>
  <testcase name="opsSortedSet" classname="redis.data.RedisPracticeTest" time="0.03"/>
  <testcase name="opsHash" classname="redis.data.RedisPracticeTest" time="0.047"/>
  <testcase name="opsList" classname="redis.data.RedisPracticeTest" time="0.026"/>
  <testcase name="opsGeo" classname="redis.data.RedisPracticeTest" time="0.022"/>
  <testcase name="opsSet" classname="redis.data.RedisPracticeTest" time="0.023"/>
  <testcase name="opsValue" classname="redis.data.RedisPracticeTest" time="0.022"/>
  <system-out><![CDATA[19:27:04.981 [Test worker] DEBUG org.springframework.test.annotation.ProfileValueUtils - Retrieved @ProfileValueSourceConfiguration [null] for test class [redis.data.RedisPracticeTest]
19:27:04.981 [Test worker] DEBUG org.springframework.test.annotation.ProfileValueUtils - Retrieved ProfileValueSource type [class org.springframework.test.annotation.SystemProfileValueSource] for class [redis.data.RedisPracticeTest]
19:27:04.982 [Test worker] DEBUG org.springframework.test.annotation.ProfileValueUtils - Retrieved @ProfileValueSourceConfiguration [null] for test class [redis.data.RedisPracticeTest]
19:27:04.982 [Test worker] DEBUG org.springframework.test.annotation.ProfileValueUtils - Retrieved ProfileValueSource type [class org.springframework.test.annotation.SystemProfileValueSource] for class [redis.data.RedisPracticeTest]
19:27:04.986 [Test worker] DEBUG org.springframework.test.context.support.AbstractDirtiesContextTestExecutionListener - Before test class: context [DefaultTestContext@30645e4b testClass = RedisPracticeTest, testInstance = [null], testMethod = [null], testException = [null], mergedContextConfiguration = [WebMergedContextConfiguration@4a0c20d3 testClass = RedisPracticeTest, locations = '{}', classes = '{class redis.data.RedisPracticeTest, class redis.data.RedisPracticeTest}', contextInitializerClasses = '[]', activeProfiles = '{}', propertySourceLocations = '{}', propertySourceProperties = '{org.springframework.boot.test.context.SpringBootTestContextBootstrapper=true}', contextCustomizers = set[org.springframework.boot.test.autoconfigure.properties.PropertyMappingContextCustomizer@0, org.springframework.boot.test.autoconfigure.web.servlet.WebDriverContextCustomizerFactory$Customizer@528d09db, [ImportsContextCustomizer@4d6c4d7e key = [yosep.com.redis.config.RedisRepositoryConfig]], org.springframework.boot.test.context.filter.ExcludeFilterContextCustomizer@5e24560, org.springframework.boot.test.json.DuplicateJsonObjectContextCustomizerFactory$DuplicateJsonObjectContextCustomizer@c133c37, org.springframework.boot.test.mock.mockito.MockitoContextCustomizer@0, org.springframework.boot.test.web.client.TestRestTemplateContextCustomizer@6509b7cf, org.springframework.boot.test.context.SpringBootTestArgs@1], resourceBasePath = 'src/main/webapp', contextLoader = 'org.springframework.boot.test.context.SpringBootContextLoader', parent = [null]], attributes = map['org.springframework.test.context.web.ServletTestExecutionListener.activateListener' -> true]], class annotated with @DirtiesContext [false] with mode [null].
19:27:04.988 [Test worker] DEBUG org.springframework.test.annotation.ProfileValueUtils - Retrieved @ProfileValueSourceConfiguration [null] for test class [redis.data.RedisPracticeTest]
19:27:04.988 [Test worker] DEBUG org.springframework.test.annotation.ProfileValueUtils - Retrieved ProfileValueSource type [class org.springframework.test.annotation.SystemProfileValueSource] for class [redis.data.RedisPracticeTest]
19:27:05.011 [Test worker] DEBUG org.springframework.test.context.support.TestPropertySourceUtils - Adding inlined properties to environment: {spring.jmx.enabled=false, org.springframework.boot.test.context.SpringBootTestContextBootstrapper=true}

  .   ____          _            __ _ _
 /\\ / ___'_ __ _ _(_)_ __  __ _ \ \ \ \
( ( )\___ | '_ | '_| | '_ \/ _` | \ \ \ \
 \\/  ___)| |_)| | | | | || (_| |  ) ) ) )
  '  |____| .__|_| |_|_| |_\__, | / / / /
 =========|_|==============|___/=/_/_/_/
 :: Spring Boot ::        (v2.3.1.RELEASE)

2022-02-26 19:27:05.344  INFO 11286 --- [    Test worker] redis.data.RedisPracticeTest             : Starting RedisPracticeTest on yokkaebiui-MacBookPro.local with PID 11286 (started by yoggaebi in /Users/yoggaebi/Desktop/요셉/개인개발/2022/spring/redis-study)
2022-02-26 19:27:05.345  INFO 11286 --- [    Test worker] redis.data.RedisPracticeTest             : The following profiles are active: local
2022-02-26 19:27:05.463  INFO 11286 --- [    Test worker] .s.d.r.c.RepositoryConfigurationDelegate : Multiple Spring Data modules found, entering strict repository configuration mode!
2022-02-26 19:27:05.464  INFO 11286 --- [    Test worker] .s.d.r.c.RepositoryConfigurationDelegate : Bootstrapping Spring Data Redis repositories in DEFAULT mode.
2022-02-26 19:27:05.491  INFO 11286 --- [    Test worker] .s.d.r.c.RepositoryConfigurationDelegate : Finished Spring Data repository scanning in 13ms. Found 0 Redis repository interfaces.
2022-02-26 19:27:06.111  INFO 11286 --- [    Test worker] redis.data.RedisPracticeTest             : Started RedisPracticeTest in 1.089 seconds (JVM running for 2.091)
2022-02-26 19:27:06.830  INFO 11286 --- [    Test worker] redis.data.RedisPracticeTest             : ###### opsSortedSet #####
2022-02-26 19:27:06.834  INFO 11286 --- [    Test worker] redis.data.RedisPracticeTest             : [0, 1, 2, 3, 4, 5, 6, 7, 8, 9]
2022-02-26 19:27:06.862  INFO 11286 --- [    Test worker] redis.data.RedisPracticeTest             : ##### opsHash #####
2022-02-26 19:27:06.866  INFO 11286 --- [    Test worker] redis.data.RedisPracticeTest             : key_0 / value_0
2022-02-26 19:27:06.867  INFO 11286 --- [    Test worker] redis.data.RedisPracticeTest             : key_1 / value_1
2022-02-26 19:27:06.868  INFO 11286 --- [    Test worker] redis.data.RedisPracticeTest             : key_2 / value_2
2022-02-26 19:27:06.870  INFO 11286 --- [    Test worker] redis.data.RedisPracticeTest             : key_3 / value_3
2022-02-26 19:27:06.872  INFO 11286 --- [    Test worker] redis.data.RedisPracticeTest             : key_4 / value_4
2022-02-26 19:27:06.874  INFO 11286 --- [    Test worker] redis.data.RedisPracticeTest             : key_5 / value_5
2022-02-26 19:27:06.875  INFO 11286 --- [    Test worker] redis.data.RedisPracticeTest             : key_6 / value_6
2022-02-26 19:27:06.877  INFO 11286 --- [    Test worker] redis.data.RedisPracticeTest             : key_7 / value_7
2022-02-26 19:27:06.878  INFO 11286 --- [    Test worker] redis.data.RedisPracticeTest             : key_8 / value_8
2022-02-26 19:27:06.879  INFO 11286 --- [    Test worker] redis.data.RedisPracticeTest             : key_9 / value_9
2022-02-26 19:27:06.901  INFO 11286 --- [    Test worker] redis.data.RedisPracticeTest             : ##### opsList #####
2022-02-26 19:27:06.904  INFO 11286 --- [    Test worker] redis.data.RedisPracticeTest             : [9, 8, 7, 6, 5, 4, 3, 2, 1, 0]
2022-02-26 19:27:06.909  INFO 11286 --- [    Test worker] redis.data.RedisPracticeTest             : []
2022-02-26 19:27:06.926  INFO 11286 --- [    Test worker] redis.data.RedisPracticeTest             : ##### opsGeo #####
2022-02-26 19:27:06.930  INFO 11286 --- [    Test worker] redis.data.RedisPracticeTest             : Distance: 4469610.0767
2022-02-26 19:27:06.932  INFO 11286 --- [    Test worker] redis.data.RedisPracticeTest             : Position: 14.000001847743988 x 30.000000249977013
2022-02-26 19:27:06.951  INFO 11286 --- [    Test worker] redis.data.RedisPracticeTest             : ##### opsSet
2022-02-26 19:27:06.953  INFO 11286 --- [    Test worker] redis.data.RedisPracticeTest             : [0, 1, 2, 3, 4, 5, 6, 7, 8, 9]
2022-02-26 19:27:06.977  INFO 11286 --- [    Test worker] redis.data.RedisPracticeTest             : ##### opsValue #####
2022-02-26 19:27:06.977  INFO 11286 --- [    Test worker] redis.data.RedisPracticeTest             : [0, 1, 2, 3, 4, 5, 6, 7, 8, 9]
]]></system-out>
  <system-err><![CDATA[]]></system-err>
</testsuite>
